<?xml version="1.0" encoding="UTF-8"?>
<!-- Generated by org.testng.reporters.JUnitReportReporter -->
<testsuite hostname="Nebeyous-MacBook-Pro.local" failures="0" tests="1" name="test.DuplicateItemTest" time="6.742" errors="0" timestamp="2023-06-17T13:59:24 EAT" skipped="0">
  <testcase classname="test.DuplicateItemTest" name="UserShouldBeAbelToPutInInPut" time="6.742"/>
  <system-out/>
</testsuite> <!-- test.DuplicateItemTest -->
