<?xml version="1.0" encoding="UTF-8"?>
<!-- Generated by org.testng.reporters.JUnitReportReporter -->
<testsuite hostname="Nebeyous-MacBook-Pro.local" failures="0" tests="1" name="test.ValidateAddCatagoryTest" time="7.475" errors="0" timestamp="2023-06-15T16:08:22 EAT" skipped="0">
  <testcase classname="test.ValidateAddCatagoryTest" name="UserShouldBeAbelToPutInInPut" time="7.475"/>
  <system-out/>
</testsuite> <!-- test.ValidateAddCatagoryTest -->
